#
#model:
#
#<?xml version="1.0" encoding="UTF-8" standalone="no"?><input id="posterior" spec="beast.base.inference.CompoundDistribution">
#    <distribution id="prior" spec="beast.base.inference.CompoundDistribution">
#        <distribution id="CalibratedYuleModel.t:CAT-muscle-I20240123-130448-0268-59166034-p1m-fa" spec="beast.base.evolution.speciation.CalibratedYuleModel">
#            <parameter id="birthRateY.t:CAT-muscle-I20240123-130448-0268-59166034-p1m-fa" lower="0.0" name="birthRate" spec="beast.base.inference.parameter.RealParameter">1.0</parameter>
#            <tree id="Tree.t:CAT-muscle-I20240123-130448-0268-59166034-p1m-fa" spec="beast.base.evolution.tree.Tree">
#                <taxonset id="TaxonSet.CAT-muscle-I20240123-130448-0268-59166034-p1m-fa" spec="beast.base.evolution.alignment.TaxonSet">
#                </taxonset>
#            </tree>
#        </distribution>
#        <prior id="CalibratedYuleBirthRatePrior.t:CAT-muscle-I20240123-130448-0268-59166034-p1m-fa" name="distribution" x="@birthRateY.t:CAT-muscle-I20240123-130448-0268-59166034-p1m-fa">
#            <Uniform id="Uniform.3" name="distr" upper="1000.0"/>
#        </prior>
#        <prior id="ClockPrior.c:CAT-muscle-I20240123-130448-0268-59166034-p1m-fa" name="distribution">
#            <parameter id="clockRate.c:CAT-muscle-I20240123-130448-0268-59166034-p1m-fa" lower="0.0" name="x" spec="beast.base.inference.parameter.RealParameter">1.0</parameter>
#            <Uniform id="Uniform.0" name="distr" upper="Infinity"/>
#        </prior>
#        <prior id="KappaPrior.s:CAT-muscle-I20240123-130448-0268-59166034-p1m-fa" name="distribution">
#            <parameter id="kappa.s:CAT-muscle-I20240123-130448-0268-59166034-p1m-fa" lower="0.0" name="x" spec="beast.base.inference.parameter.RealParameter">2.0</parameter>
#            <LogNormal id="LogNormalDistributionModel.0" name="distr">
#                <parameter estimate="false" id="RealParameter.0" name="M" spec="beast.base.inference.parameter.RealParameter">1.0</parameter>
#                <parameter estimate="false" id="RealParameter.1" name="S" spec="beast.base.inference.parameter.RealParameter">1.25</parameter>
#            </LogNormal>
#        </prior>
#        <distribution id="Eutheria.prior" monophyletic="true" spec="beast.base.evolution.tree.MRCAPrior" tree="@Tree.t:CAT-muscle-I20240123-130448-0268-59166034-p1m-fa">
#            <taxonset id="Eutheria" spec="beast.base.evolution.alignment.TaxonSet">
#                <taxon id="Canis_lupus_familiaris" spec="beast.base.evolution.alignment.Taxon"/>
#                <taxon id="Felis_catus" spec="beast.base.evolution.alignment.Taxon"/>
#                <taxon id="Lutra_lutra" spec="beast.base.evolution.alignment.Taxon"/>
#                <taxon id="Phascolarctos_cinereus" spec="beast.base.evolution.alignment.Taxon"/>
#                <taxon id="Rattus_norvegicus" spec="beast.base.evolution.alignment.Taxon"/>
#                <taxon id="Heterocephalus_glaber" spec="beast.base.evolution.alignment.Taxon"/>
#                <taxon id="Manis_pentadactyla" spec="beast.base.evolution.alignment.Taxon"/>
#            </taxonset>
#        </distribution>
#        <distribution id="Monotremes.prior" monophyletic="true" spec="beast.base.evolution.tree.MRCAPrior" tree="@Tree.t:CAT-muscle-I20240123-130448-0268-59166034-p1m-fa">
#            <taxonset id="Monotremes" spec="beast.base.evolution.alignment.TaxonSet">
#                <taxon id="Ornithorhynchus_anatinus_catalas" spec="beast.base.evolution.alignment.Taxon"/>
#                <taxon id="Tachyglossus_aculeatus" spec="beast.base.evolution.alignment.Taxon"/>
#            </taxonset>
#            <Gamma id="Gamma.0" name="distr" offset="112.5">
#                <parameter estimate="false" id="RealParameter.4" name="alpha" spec="beast.base.inference.parameter.RealParameter">3.0</parameter>
#                <parameter estimate="false" id="RealParameter.5" name="beta" spec="beast.base.inference.parameter.RealParameter">10.0</parameter>
#            </Gamma>
#        </distribution>
#        <distribution id="Rodentia.prior" monophyletic="true" spec="beast.base.evolution.tree.MRCAPrior" tree="@Tree.t:CAT-muscle-I20240123-130448-0268-59166034-p1m-fa">
#            <taxonset id="Rodentia" spec="beast.base.evolution.alignment.TaxonSet">
#                <taxon idref="Rattus_norvegicus"/>
#                <taxon idref="Heterocephalus_glaber"/>
#            </taxonset>
#            <Gamma id="Gamma.1" name="distr" offset="40.0">
#                <parameter estimate="false" id="RealParameter.6" name="alpha" spec="beast.base.inference.parameter.RealParameter">2.0</parameter>
#                <parameter estimate="false" id="RealParameter.7" name="beta" spec="beast.base.inference.parameter.RealParameter">8.0</parameter>
#            </Gamma>
#        </distribution>
#        <distribution id="ingroup.prior" monophyletic="true" spec="beast.base.evolution.tree.MRCAPrior" tree="@Tree.t:CAT-muscle-I20240123-130448-0268-59166034-p1m-fa">
#            <taxonset id="ingroup" spec="beast.base.evolution.alignment.TaxonSet">
#                <taxon idref="Canis_lupus_familiaris"/>
#                <taxon id="Dromiciops_gliroides" spec="beast.base.evolution.alignment.Taxon"/>
#                <taxon idref="Felis_catus"/>
#                <taxon idref="Heterocephalus_glaber"/>
#                <taxon idref="Lutra_lutra"/>
#                <taxon idref="Manis_pentadactyla"/>
#                <taxon id="Monodelphis_domestica" spec="beast.base.evolution.alignment.Taxon"/>
#                <taxon idref="Phascolarctos_cinereus"/>
#                <taxon idref="Rattus_norvegicus"/>
#                <taxon id="Sarcophilus_harrisii" spec="beast.base.evolution.alignment.Taxon"/>
#                <taxon id="Vombatus_ursinus" spec="beast.base.evolution.alignment.Taxon"/>
#            </taxonset>
#        </distribution>
#    </distribution>
#</input>
#
Sample	posterior	likelihood	prior	treeLikelihood.CAT-muscle-I20240123-130448-0268-59166034-p1m-fa	Tree.height	Tree.treeLength	CalibratedYuleModel	birthRateY	logP(mrca(Monotremes))	mrca.age(Monotremes)	mrca.age(ingroup)	logP(mrca(Rodentia))	mrca.age(Rodentia)	mrca.age(Eutheria)	clockRate	kappa
0	-106.15200371444145	NaN	-106.15200371444145	NaN	114.24400572955365	467.5731808714355	-78.68884757960103	1.0	-12.216072645530287	112.6	41.7810736693613	-6.473968176353703	40.1	41.38384874929721	1.0	2.0
1000	-80.54222445430224	NaN	-80.54222445430224	NaN	184.408981782926	739.0281725326064	-61.762484149929016	0.12129960823553322	-5.795383752870947	178.12348590891955	62.55801831563779	-3.3104267604041073	54.73314971893012	57.81613310326027	7.877130474334928	4.632687508954503
2000	-78.14011352322201	NaN	-78.14011352322201	NaN	134.5049447271262	584.3268040274593	-61.845249865497124	0.08800243611051223	-3.611743026430165	131.55507349284568	49.578106137109316	-3.0834831779206477	47.30213577773626	47.42623604185034	263.3273463817496	4.379755755528931
3000	-86.60098487095806	NaN	-86.60098487095806	NaN	181.60296687658044	818.1428321968768	-69.13547153567865	0.06276746351515707	-4.991071577540389	165.99253245910486	64.5224065457256	-3.851412777926246	62.41978994439798	64.27877011283793	6562.449938946144	1.6322183594286797
4000	-89.15560097583283	NaN	-89.15560097583283	NaN	190.48679804275136	864.702221400225	-70.995987555511	0.04384348262417129	-4.886413007409708	164.3047375503709	82.10135017219739	-4.246068077808456	67.09113127696806	68.48632145866229	141216.13639417404	0.1221961713024229
5000	-87.56103824840963	NaN	-87.56103824840963	NaN	191.773647004581	878.8810101308816	-68.729867805635	0.05339062535007909	-6.667948548375964	190.23711791548843	85.72051378775357	-3.5884824524077543	58.98670833799368	59.64124446159542	2260907.314101099	0.21424751326761543
6000	-83.54017757656493	NaN	-83.54017757656493	NaN	159.72814532375241	738.2606021242968	-67.60529736145926	0.05233263526693723	-4.482448536479386	157.4076030263375	63.80876208747133	-3.0978214837199194	49.633382410529165	55.39232997596247	1.6728326206243642E7	0.33926293813650005
7000	-88.65415800322384	NaN	-88.65415800322384	NaN	176.11002280178064	860.7289040759956	-71.33759917456541	0.050503054570799295	-5.572336976410554	174.87888044099478	72.62570939204933	-3.0817837845282896	48.56010898606881	63.68929091481192	1.6104920448564503E8	0.1878884579021997
8000	-89.1903006517219	NaN	-89.1903006517219	NaN	147.91979773216403	803.4853010720342	-72.25976652871907	0.05678915523712838	-3.8603251144731563	144.25562243194997	72.60620781731988	-3.6032558613978427	59.19016584029469	70.12098138568064	2.5551537113354525E8	0.08227626399655599
9000	-87.36969167422444	NaN	-87.36969167422444	NaN	149.54769864933388	720.1627404046511	-72.21525030020865	0.08916486252116985	-3.6841388898115652	138.47523928105682	60.33832708084989	-3.097452999026804	46.57612659776412	49.064500761195745	6.663703937407306E8	0.32196717321099316
10000	-87.65424399124545	NaN	-87.65424399124545	NaN	181.90311444575093	798.3321803458376	-71.75623548453693	0.03452423688021685	-4.362558183366729	155.2010075645687	61.67230272222817	-3.1630884868174607	45.157937409346026	51.37997022687242	6.122748284907033E10	0.32239774869853516
11000	-86.17512429060767	NaN	-86.17512429060767	NaN	146.1634490918829	748.2702903003564	-70.05313026773504	0.04957637007954368	-3.8117473033922034	142.89210749527157	69.25781934925257	-3.1969733721840976	52.52924888454422	55.29291708067045	2.1607963878554547E13	2.892722306421488
12000	-87.69674982964509	NaN	-87.69674982964509	NaN	145.34815092073677	726.3383987811171	-70.55722343235412	0.06202226418015319	-3.642064833434068	136.33329370489926	76.13645046899437	-3.1075080344250643	50.047943510435694	60.99551858938079	1.3035101869419854E13	7.480029514100274
13000	-90.29883855117404	NaN	-90.29883855117404	NaN	139.42986098582992	742.8958378841046	-72.70111016341689	0.06557965646845472	-3.689719274335605	127.35529357082977	79.49596172018427	-3.4207942237116216	56.54298748249368	64.12568612230396	3.263300907655442E14	7.929572526184935
14000	-95.20280319626991	NaN	-95.20280319626991	NaN	209.152952472428	1078.5395576765525	-76.95900591194395	0.02077548818600741	-6.585534567318312	189.12471442420818	133.03904842782492	-3.3864216780119465	56.002036940623675	64.78038865733734	2.0498298578082568E16	0.6302335537091682
15000	-95.27101436559303	NaN	-95.27101436559303	NaN	129.85071350872607	946.0363757823707	-79.49639812674624	0.03603268136318661	-3.7316391160832674	126.29835676082774	92.30962317993317	-3.183696438890911	52.22896612626883	71.36724810276445	7.5077838179874191E18	2.2169783021970315
16000	-97.36089663433867	NaN	-97.36089663433867	NaN	156.8188621718146	862.9335102581753	-75.31866934293764	0.03114661381335499	-3.884850021582431	144.9069075282199	131.55277039277942	-4.088051989329024	41.255849567789	48.914518749914215	2.445449498265801E23	40.25029800660975
17000	-97.92673224007592	NaN	-97.92673224007592	NaN	160.45008299891526	1088.406723687995	-80.63565500638882	0.0168570037295608	-3.8838818365221695	144.88160254922573	125.63403797724568	-3.6902658200366543	42.0694936660383	94.39767725882663	1.0029913238663915E30	4.78246493629224
18000	-88.92806655049824	NaN	-88.92806655049824	NaN	145.34872552976907	668.889606205539	-67.3244360952024	0.07052489699568355	-3.69022609149313	138.7355228415114	57.09378830175773	-3.2092789656808067	44.584345046367204	50.633997258891284	1.1499016236238608E36	50.50312645634402
19000	-98.08908679455742	NaN	-98.08908679455742	NaN	188.94018510329101	1133.0539474887014	-81.80986148944726	0.01871085644002309	-3.628193222392051	135.36543708499306	170.7101903765169	-3.157019256247344	45.24825594159955	121.37901308317262	3.163180300299268E43	4.032551183632811
20000	-96.15827644393111	NaN	-96.15827644393111	NaN	136.61717297422882	916.3344800008476	-78.03814434730921	0.02791193158610293	-3.613082602474413	131.3167493378533	132.31456551427235	-4.6149820184159385	40.69091795900942	64.41170220423064	1.3572726045747789E53	5.419022496968728
21000	-93.7782202122854	NaN	-93.7782202122854	NaN	139.8697116638988	881.911766046237	-77.31519506537202	0.023722517213568158	-3.8695150570746804	123.9554661402437	100.35506821556706	-3.130336910971483	45.71153965671132	82.19974647746382	8.818944866604673E61	3.9338483984325943
22000	-100.53773527579345	NaN	-100.53773527579345	NaN	251.90495949090524	1195.9412130953667	-79.1071195003345	0.03138777274257611	-7.092559301756084	195.88623286590536	103.51253702876448	-4.126593007295469	65.71975410123461	84.82330907724952	1.4939465529649183E71	6.696191450345994
23000	-80.80832293305873	NaN	-80.80832293305873	NaN	159.4870688259507	685.9201493015049	-64.28918292720138	0.09090066118174701	-4.427603225453096	156.40972333612098	74.31583813280538	-3.0867471182227324	47.071551404356036	54.53588715623351	6.331109560830551E75	2.5968093001938914
24000	-89.44383696766529	NaN	-89.44383696766529	NaN	160.87299183730585	803.2126709109829	-72.2727645256131	0.07420762063408125	-4.571778920511818	158.99615856185127	75.98887974477424	-3.0800416891822358	48.280372176433815	48.296806198635664	1.6533943943855382E84	4.114217987457384
25000	-84.87510523830849	NaN	-84.87510523830849	NaN	132.76630354018798	645.5420630503606	-67.88358331396137	0.05096132515935257	-3.6213912970513626	130.39232182454538	84.03253529560516	-3.5378814325764805	42.56374762455309	62.644714402409	5.919320309203643E93	5.196732575773281
26000	-87.12206481199506	NaN	-87.12206481199506	NaN	176.97339755635642	794.5137816168874	-70.8490913699541	0.038648105988913245	-4.091629348572587	149.77225114176778	76.75082334489235	-3.527501362161426	58.12908798480339	70.10888016497462	1.4086785194320702E100	1.7069945676335954
27000	-87.98715452536554	NaN	-87.98715452536554	NaN	141.72898588066852	763.269748399105	-72.9533151544958	0.03395845940284693	-3.611332953418356	131.64194614008196	100.24455679153068	-3.1268631699063874	45.78242278009589	94.58371544256956	7.514529221511425E110	0.7620631931218841
28000	-96.1908787892025	NaN	-96.1908787892025	NaN	201.62475404186605	1036.3479831766556	-78.69090190312629	0.02529514024702526	-3.9600691759651623	146.78698232708672	102.23549135846557	-3.5086755020086478	57.85791312993717	91.08828055343778	5.049283980498042E120	5.956418347518097
29000	-90.76631834351699	NaN	-90.76631834351699	NaN	157.43087730356814	815.0504371772586	-75.17993373551172	0.035923507315591754	-3.675895831911106	127.77731599718084	99.36979691865969	-3.1318585485510195	45.68143633574545	88.37145472855184	6.593877354066528E129	2.0137349227658876
30000	-91.37799886094662	NaN	-91.37799886094662	NaN	148.12196489908564	710.4539202583188	-70.21939163537033	0.038453495239918534	-3.684883508107014	138.50754175435097	69.71575182808468	-3.2884709887676116	43.876815220762424	57.08871573707373	3.7819559701062284E136	41.99082227708975
31000	-94.12889023534142	NaN	-94.12889023534142	NaN	191.2133752766796	875.2955644709907	-71.92975626874593	0.07876492580225684	-6.4308538392877255	187.02118191782904	71.44138744609222	-3.0842633187945796	47.23989012595994	52.80778982785023	6.130341578276182E144	23.38500803618196
32000	-90.37708898862616	NaN	-90.37708898862616	NaN	188.40407354049557	858.0842053157735	-73.11362084384578	0.034246078451705644	-3.7979542318046673	142.48338686433314	116.34333496933063	-4.51629759487146	70.09389460526386	72.7417559264315	2.9020258954997627E152	2.449568711773901
33000	-89.2968961463538	NaN	-89.2968961463538	NaN	141.0993657927237	774.951506701469	-73.31544488356322	0.025183481454543282	-3.718244317889886	139.8416209351297	81.42009236517823	-3.0882158195889517	46.98650265989819	71.11602180488205	1.9966566725942805E156	3.0664077437350925
34000	-92.21673466293088	NaN	-92.21673466293088	NaN	187.80134080600573	962.3931105384614	-73.85296021515046	0.04516699197826562	-5.787312319467462	178.00734366765306	92.13924794230765	-3.984268647947416	64.0412550305862	89.40714512521693	6.246514822574071E165	1.5575573180207307
35000	-94.85933351064091	NaN	-94.85933351064091	NaN	125.23289517155932	749.3089413164191	-71.67779079395571	0.04787950515993796	-4.071878668139635	121.79127253494025	90.88886752318251	-4.19126825351562	66.46595483042763	66.81891048192996	7.186192555711836E171	54.384542628048756
36000	-89.63946545772558	NaN	-89.63946545772558	NaN	148.4735450973584	791.3600105522769	-73.46591029621777	0.04556266576846764	-3.7593808018221413	141.27474590832168	77.79452178294727	-4.091521982529135	41.25069289346965	46.1071842773608	1.4924122549004543E182	0.3777437846544164
37000	-90.55027776669203	NaN	-90.55027776669203	NaN	191.4906184210266	874.5778063509387	-71.99926218373747	0.031048363642747146	-6.159156268797993	183.2717308866259	56.037082970741146	-3.5217931928859847	42.62552359083254	45.79033844383821	3.6925891818167314E190	2.2445223774177694
38000	-95.4891163579904	NaN	-95.4891163579904	NaN	202.03340562008339	899.0483335035949	-76.09971550599919	0.05962330255741688	-4.362165873234549	155.19362757779965	75.65867944123883	-3.6685341901054147	60.0716929435301	68.82439417459251	3.013367940982215E198	12.743326922914143
39000	-94.21127413139355	NaN	-94.21127413139355	NaN	134.7028825289839	938.2327842462787	-78.45811423087481	0.023675982887204624	-3.798460867170283	125.01643384496506	99.19590696348905	-3.080562333811588	47.62719084742214	59.46141429747648	7.512321820012458E205	2.2549416659390693
40000	-97.86924717197779	NaN	-97.86924717197779	NaN	194.37853536459258	1188.4384382148346	-80.6547322821173	0.023529715544638653	-4.813310162749202	163.10514012452873	192.37022707256094	-4.023138263383877	64.50508739998115	102.50406324313055	3.2594887908414806E218	0.3174572485117223
41000	-95.39540162842621	NaN	-95.39540162842621	NaN	151.6208828130616	852.5994425984798	-75.45974688195778	0.024877239271584018	-3.6521901483095975	136.92511506537542	126.84248639677719	-3.0796030670991965	47.85707125493029	59.01246208201065	1.1423000938625978E234	28.924199631035805
42000	-101.11497086003895	NaN	-101.11497086003895	NaN	214.62182070667208	1221.120908863003	-80.08666643829099	0.02006447639610546	-7.083579901474144	195.76808009013314	134.6444574831366	-3.1860077922748586	44.851806423065334	88.18280953240651	1.4476927287270046E244	9.272580033629543
43000	-161.6918432770903	NaN	-161.6918432770903	NaN	225.9927358830308	1489.126393845302	-85.29340111583085	0.012866310365568779	-3.817853511971141	143.06969123815654	195.12229363338093	-4.94063785990383	74.6063314552196	120.6953079627107	Infinity	469133.2154264488
44000	-146.79621319468814	NaN	-146.79621319468814	NaN	127.18732640678296	710.537115151639	-73.62431536830275	0.05941813525754624	-4.727844409125333	118.05177560528833	75.36136269842152	-3.3525574415993287	43.445161780511754	51.01087539552388	Infinity	349094.8799029212
45000	-147.35119311680026	NaN	-147.35119311680026	NaN	141.55866520663733	832.176223128877	-75.28812741645724	0.054997584090617724	-3.676578215670926	138.1392280417587	75.41624173645357	-3.294991509011343	54.459904060098616	56.799131639546765	Infinity	349094.8799029212
46000	-145.9905009024913	NaN	-145.9905009024913	NaN	175.28559870212138	839.7513248215618	-73.69822891137	0.033695781082827926	-3.7443930742065263	140.7731772282164	74.09521003138437	-3.456382941254043	57.0861394950304	62.243577299178746	Infinity	349094.8799029212
47000	-153.7561306389376	NaN	-153.7561306389376	NaN	159.3033246501393	1116.6535664320809	-81.19364025428574	0.028578833662524786	-4.021572962927804	148.2220907555979	153.58305855829718	-3.449421446063333	56.98112758366779	85.92784349854776	Infinity	349094.8799029212
48000	-153.5958961483601	NaN	-153.5958961483601	NaN	174.97516908067684	1145.6521639343616	-81.22477177604283	0.014207023744650951	-4.1960331577978875	151.95403185886178	137.2758412153542	-3.083595238858626	47.29282346540851	93.69932740546938	Infinity	349094.8799029212
49000	-152.68392550933984	NaN	-152.68392550933984	NaN	135.6351156228444	966.2853705653799	-79.67435179131043	0.030941179864455676	-4.450646095415324	119.28154992478731	94.98447029128859	-3.4674316469533473	57.25165156144267	81.39060464959823	Infinity	349094.8799029212
50000	-140.2515212030125	NaN	-140.2515212030125	NaN	161.65066037399959	715.6815160685912	-67.45129765605097	0.07920692435120423	-4.373612556809491	155.40849963062277	63.158439212645845	-3.3351150144912904	43.55364408297255	47.427101365747134	Infinity	349094.8799029212
51000	-145.6658071055339	NaN	-145.6658071055339	NaN	179.33812653548202	842.6719263480466	-72.0593409093716	0.0726473652228566	-5.435159257557381	172.84369850575146	121.78635970221711	-3.079810962944185	47.78451250409166	48.534163259949345	Infinity	349094.8799029212
52000	-151.3149902533411	NaN	-151.3149902533411	NaN	201.68136547737106	1258.0996828245093	-81.89586540981504	0.01566424517528349	-5.528831459872642	174.23693867845472	196.86682550846254	-3.206567487138115	44.61367774394982	87.10320823879124	Infinity	206041.36566358732
53000	-151.35194296828274	NaN	-151.35194296828274	NaN	181.57278224184387	1227.7217147839563	-83.73658524644364	0.022069609722424065	-3.9145992173399278	145.6697094448799	151.261688177804	-3.4250371777651663	43.049774818565325	97.2113029918867	Infinity	196010.43611970893
54000	-136.78468599502068	NaN	-136.78468599502068	NaN	147.91079995228267	730.1151592534193	-69.62458997820536	0.05365198247521945	-3.801677034216256	142.59478131923152	91.51584950007958	-3.082697655865084	48.6630685076988	64.54659431674469	Infinity	196010.43611970893
55000	-141.62423890700154	NaN	-141.62423890700154	NaN	165.24289515861756	847.5864571936719	-73.34802258152304	0.029858221157078025	-3.7423721638468117	140.70390814130843	138.2535002877044	-4.258122834897717	67.22783695039621	72.40409367552664	Infinity	196010.43611970893
56000	-136.4719502952172	NaN	-136.4719502952172	NaN	128.70568736787646	657.8649980011921	-68.66472563536557	0.08596600096564175	-4.003194084283576	122.425933205659	111.11556858980582	-3.528309248834089	58.140652746811874	59.63369711414403	Infinity	196010.43611970893
57000	-147.52629339838214	NaN	-147.52629339838214	NaN	140.58896617119615	1039.190598313583	-80.5063395183738	0.02867131648521314	-3.6480209381489055	136.68983418036186	119.61399732544838	-3.0962116151254535	49.555890003468086	115.65938541621838	Infinity	196010.43611970893
58000	-141.35157438389743	NaN	-141.35157438389743	NaN	136.94041845306938	799.5211134366235	-73.9928969268771	0.055142437758561084	-3.6104006326499243	133.12698932149354	101.50446225149385	-3.4725554976364523	57.32794210917064	75.63506736240379	Infinity	196010.43611970893
59000	-137.62299754520495	NaN	-137.62299754520495	NaN	158.86871061162773	771.7521342090322	-69.82468409958376	0.045939903523007954	-4.438487922905458	156.6092405853473	62.19095653575264	-3.0841041959817437	47.25212368194914	60.09899464213396	Infinity	196010.43611970893
60000	-135.3243629205586	NaN	-135.3243629205586	NaN	133.0415474326041	644.1310201427689	-69.45872638677484	0.030471364671648293	-3.610977080420116	131.72558276740284	66.73955670979342	-3.100852308222224	46.45669744886325	64.96886193583191	Infinity	170700.69870889088
61000	-144.1731308316687	NaN	-144.1731308316687	NaN	187.82891640886743	966.4597434187631	-78.10631187306856	0.021196834869348983	-3.617115308846916	134.30396708933054	143.0675166367744	-3.295896504611796	54.47609883612501	103.95634175580764	Infinity	170700.69870889088
62000	-146.4676453703663	NaN	-146.4676453703663	NaN	204.2873480285647	1083.9716945465377	-76.69760196732528	0.023591159194922814	-7.452270536841085	200.5781765796816	94.54537268175591	-3.1639657210584917	45.1452450014606	61.34153480523817	Infinity	170700.69870889088
63000	-152.96126341408475	NaN	-152.96126341408475	NaN	250.78553635520973	1489.0369724629081	-84.55400045423784	0.012305301157101867	-5.493075851832594	173.70694825641164	177.9035337420139	-3.760379962872902	61.27057072671101	138.87898749357154	Infinity	170700.69870889088
64000	-151.73229441856984	NaN	-151.73229441856984	NaN	169.09265519290372	1376.5296643787472	-83.24947853194543	0.014749014661466673	-4.620739231122231	159.84948773233512	165.01102822995523	-4.708269510360763	72.16117001328037	117.4312942961031	Infinity	170700.69870889088
65000	-147.2675869214607	NaN	-147.2675869214607	NaN	203.27963353160854	1026.5144274332079	-80.4295589205671	0.034960026816380746	-4.125026256858766	150.48513701241336	107.89267389541345	-3.5591945988933977	42.485147168490485	83.47599904992842	Infinity	170700.69870889088
66000	-139.71154943694702	NaN	-139.71154943694702	NaN	165.11339804757864	837.2072387194506	-73.20380319670156	0.047376716910092896	-4.272561250013017	153.4766221638846	58.23623041386466	-3.081377845091017	48.50822224345308	54.1787005290351	Infinity	170700.69870889088
67000	-140.38573564111363	NaN	-140.38573564111363	NaN	142.61041813189064	831.0350788140863	-74.49415670611359	0.03225406978817494	-3.6582979320972653	137.25241982188717	86.95122140039422	-3.0794738577613328	48.06448777257947	70.82184061898556	Infinity	170700.69870889088
68000	-148.4913515194587	NaN	-148.4913515194587	NaN	217.79235992529033	1189.4805165896207	-82.09309090539746	0.02172427607869842	-4.044358263191159	148.7351519650141	143.1271177037463	-3.200095205728631	52.598004242849456	75.97088841804839	Infinity	170700.69870889088
69000	-157.5983900458097	NaN	-157.5983900458097	NaN	383.7619275091828	2040.4582703986935	-90.3138689331746	0.007998494105699448	-4.083063723217647	149.58687566302484	308.5583766383588	-4.047650244276035	64.79540369684996	124.14608769085072	Infinity	170700.69870889088
70000	-145.87735136312756	NaN	-145.87735136312756	NaN	184.85111043542335	1076.7413949739416	-77.22457991594165	0.02542925581345403	-5.613524129805193	175.48375268862958	97.26313120379565	-3.885440172239303	62.84086771001739	68.7647301682206	Infinity	170700.69870889088
71000	-147.77906868557267	NaN	-147.77906868557267	NaN	200.97685743029285	1156.0465146818105	-79.01383018048986	0.018480376578349677	-6.41092424921426	186.7485949940036	193.2993065079011	-3.2005071107271426	52.607027203191954	70.03688842642038	Infinity	170700.69870889088
72000	-135.32246442300718	NaN	-135.32246442300718	NaN	151.78159470592237	732.7431939210538	-68.89910509620711	0.051761471187338357	-3.7617498473052633	141.35219611667316	73.80477825499739	-3.5078023343533924	57.84525532699932	59.742957301252495	Infinity	170700.69870889088
73000	-145.09742785754452	NaN	-145.09742785754452	NaN	197.51093373276836	1019.6599889349286	-74.7592994744791	0.054197555033112806	-7.032747541792287	195.0982113383679	75.14102507331222	-4.151573696131713	66.00909525784971	72.17947739938818	Infinity	170700.69870889088
74000	-135.3472675127652	NaN	-135.3472675127652	NaN	146.2336321513398	697.8665179397042	-70.40649588868581	0.042282106682814256	-3.6098885286681655	132.07844431411584	58.642316488927214	-3.5250464188211277	42.612855179695586	49.41685637115653	Infinity	144281.5250202773
75000	-137.77680019295522	NaN	-137.77680019295522	NaN	166.66686914964114	776.243861917419	-73.03429219705833	0.034474641840913804	-3.6461073586126336	136.57811927240306	56.32436898930167	-3.290563960694166	43.86113362647526	44.8266380500317	Infinity	144281.5250202773
76000	-132.83155594687273	NaN	-132.83155594687273	NaN	140.17069786814218	697.2439991324158	-69.67729954042782	0.0830504887314037	-3.6505253904352473	136.8324293204339	73.3610680526082	-3.092583235341152	49.367987853158425	52.51168534884013	Infinity	120948.81810496535
77000	-133.43936043699276	NaN	-133.43936043699276	NaN	157.61813356930395	743.3991851137669	-69.73455705986562	0.03550331558197207	-4.207003868714168	152.17588608840808	65.2117706637435	-3.0866517277444574	48.99951185800513	62.59832491536256	Infinity	120948.81810496535
78000	-141.91492376224446	NaN	-141.91492376224446	NaN	170.82910729960082	893.4889498810762	-78.44778711023093	0.05432317192511298	-3.9049708901548468	145.42583873342517	142.05014938862078	-3.15101798119017	45.34224098890297	51.164842733651284	Infinity	120948.81810496535
79000	-144.90445658280566	NaN	-144.90445658280566	NaN	157.75078753688712	1071.665000603186	-80.5900965807252	0.03670877772476549	-4.281282763121939	153.64665646470712	129.67525209496415	-3.621929458290022	59.44515416691408	120.92368358293822	Infinity	120948.81810496535
80000	-142.5353443210021	NaN	-142.5353443210021	NaN	185.46311588348897	998.2264321637622	-79.05003595163744	0.019304626920491244	-3.7344221875630246	140.42726963568344	86.37395617772255	-3.3397384011331397	43.52430218743431	86.20158370951137	Infinity	120948.81810496535
81000	-144.7775882103788	NaN	-144.7775882103788	NaN	243.5410059498343	1262.944175518076	-80.99525365071001	0.02198906306452436	-7.175677798521876	196.9774448728018	171.08588889568813	-3.1724874715406552	45.02628627338469	106.11017184625175	Infinity	82276.31256929408
82000	-135.8704631627667	NaN	-135.8704631627667	NaN	154.43184629197697	969.1614562941187	-78.00024644439195	0.029333950513175597	-3.9295699804193056	146.0435923518952	125.0158096072345	-3.119543157288327	45.943020101440055	66.68551217609536	Infinity	58049.33914339743
83000	-130.8925236678187	NaN	-130.8925236678187	NaN	147.2297398538788	761.9434599044986	-72.65966531874531	0.059385829657169216	-3.7667391417076543	141.5137948467825	67.91390629815197	-3.6450156266985942	42.20124491579436	55.8230527430762	Infinity	58049.33914339743
84000	-132.23088278583288	NaN	-132.23088278583288	NaN	126.86926737799644	766.1158213510944	-74.1766517776258	0.0432411047421462	-3.7846008598478416	125.25420601017284	103.68287628574913	-3.4485265676920904	42.937431003875375	60.11857199803185	Infinity	58049.33914339743
85000	-137.5033503081872	NaN	-137.5033503081872	NaN	136.67336380596987	780.952438195973	-74.27034972718533	0.030839650743543865	-3.6402840777789227	129.1899448587908	69.167435561151	-4.357647950273898	40.919601682389064	50.830316114325335	Infinity	104024.04685018507
86000	-141.93179039731234	NaN	-141.93179039731234	NaN	134.724497389468	903.7032217209492	-78.19291735805052	0.026447372011016133	-3.8473232298667193	124.26244602277532	134.67290381788837	-4.6564812564460345	40.66030023656282	105.60256295469321	Infinity	104024.04685018507
87000	-134.62231275359014	NaN	-134.62231275359014	NaN	165.14704015713698	811.3257341817703	-71.91647295190789	0.0346767695537128	-4.3910398070894585	155.73384728365681	73.16866460454517	-3.0797314416437227	47.80891074050936	72.12434992297057	Infinity	104024.04685018507
88000	-141.63609327822502	NaN	-141.63609327822502	NaN	174.84594270804712	1048.9460518355934	-78.3475187445374	0.018707534796567404	-4.467032225100831	157.12895486964013	127.25683453409579	-3.5864737556377273	58.95892284352599	113.45522875859373	Infinity	104024.04685018507
89000	-145.17627984305156	NaN	-145.17627984305156	NaN	170.92803803325052	1152.6674902057846	-81.62825746865569	0.030210892181910268	-5.154066048830894	168.56013495374327	152.9439617410378	-3.1588877726159423	45.21996858787696	80.18350937850181	Infinity	104024.04685018507
90000	-140.8179687288199	NaN	-140.8179687288199	NaN	228.04713932936994	963.7917528265308	-78.57939902238614	0.022976740491267397	-3.7343659021551354	126.23811245482263	83.8582223464748	-3.2691352513295846	53.98710269574764	72.25521923014524	Infinity	104024.04685018507
91000	-130.55591919741144	NaN	-130.55591919741144	NaN	173.4023495329081	742.3755397971156	-66.8872513486179	0.047115984645351015	-5.216990285169738	169.5337380087666	53.432492033364	-3.2166090106747407	44.507178884046056	49.746461563729596	Infinity	104024.04685018507
92000	-128.17198512114066	NaN	-128.17198512114066	NaN	143.52024012714074	646.2728855483053	-66.0532771078325	0.14725941317628324	-3.792104159234946	142.30664226920007	53.60427899793765	-3.0915353011241473	49.30950579645948	51.48016283100335	Infinity	104024.04685018507
93000	-132.7164477651135	NaN	-132.7164477651135	NaN	165.65242146110032	753.6017104030324	-69.97987547923987	0.07099627757371935	-3.845681878251078	143.85574296956523	98.71982012580507	-3.6558218546734995	59.90212040176246	61.5368101100527	Infinity	104024.04685018507
94000	-140.80401017445956	NaN	-140.80401017445956	NaN	148.43457025731942	924.1080184965808	-76.88844777536808	0.04791902848447546	-3.6633914729177617	137.5120215978039	128.73187909039956	-5.017102373224683	75.39928796700929	107.86233048204241	Infinity	104024.04685018507
95000	-136.2659949066653	NaN	-136.2659949066653	NaN	133.59252554421585	811.091520245876	-72.95670739180618	0.04356320771663513	-3.629037048766216	129.82916956309035	94.42293937720926	-4.445181913143835	69.31525482154933	84.93723821690203	Infinity	104024.04685018507
96000	-144.97205428172114	NaN	-144.97205428172114	NaN	255.95979924919789	1239.7300740378125	-82.60516571220239	0.015701577018976953	-4.028508732327848	148.37923962231488	124.94910455939936	-3.1033112842418276	49.877506068457194	83.01322907180176	Infinity	104024.04685018507
97000	-137.04068200585655	NaN	-137.04068200585655	NaN	198.37213462803078	904.5966398033547	-72.83646361780735	0.05194192142556907	-5.86217282064308	179.08112670152778	92.9212920383355	-3.1069770144570352	50.027015261143205	64.53932118535634	Infinity	104024.04685018507
98000	-138.28540844690588	NaN	-138.28540844690588	NaN	133.39514474520496	870.3938055063219	-76.2812768103164	0.028218961750566374	-3.649808958269003	128.7460022510523	109.52666207202074	-3.119254125371402	50.474577004841976	66.79282908508813	Infinity	104024.04685018507
99000	-134.36333388179807	NaN	-134.36333388179807	NaN	129.77881564025148	742.5911534059262	-72.32696114406622	0.04391114641497158	-3.710426516552912	126.79891807158528	61.65450144423993	-3.090877668229882	49.27163204273262	57.35918366518325	Infinity	104024.04685018507
100000	-140.1646365070969	NaN	-140.1646365070969	NaN	217.87602118953586	960.5328973999132	-77.63566189295703	0.024744165943570436	-3.981218161719775	147.28942793466928	179.3652040025642	-3.312687899471066	43.70249597987765	52.42656720588209	Infinity	104024.04685018507
